<?xml version="1.0" encoding="UTF-8"?>
<testng-results ignored="0" total="1" passed="1" failed="0" skipped="0">
  <reporter-output>
  </reporter-output>
  <suite started-at="2025-07-09T01:41:13 MYT" name="Surefire suite" finished-at="2025-07-09T01:41:13 MYT" duration-ms="29">
    <groups>
    </groups>
    <test started-at="2025-07-09T01:41:13 MYT" name="Surefire test" finished-at="2025-07-09T01:41:13 MYT" duration-ms="29">
      <class name="com.orangehrm.AppTest">
        <test-method signature="testApp()" started-at="2025-07-09T01:41:13 MYT" name="testApp" finished-at="2025-07-09T01:41:13 MYT" duration-ms="0" status="PASS">
          <reporter-output>
          </reporter-output>
        </test-method> <!-- testApp -->
      </class> <!-- com.orangehrm.AppTest -->
    </test> <!-- Surefire test -->
  </suite> <!-- Surefire suite -->
</testng-results>
