<?xml version="1.0" encoding="UTF-8"?>
<testsuite xmlns:xsi="http://www.w3.org/2001/XMLSchema-instance" xsi:noNamespaceSchemaLocation="https://maven.apache.org/surefire/maven-surefire-plugin/xsd/surefire-test-report-3.0.xsd" version="3.0" name="TestSuite" time="10.085" tests="2" errors="0" skipped="0" failures="0">
  <properties>
[...]
</properties>
  <testcase name="runScenario[&quot;Login with valid credentials&quot;, &quot;OrangeHRM Login&quot;](1)" classname="runners.TestRunner" time="8.552">
    <system-out><![CDATA[
@smoke @validLogin
Scenario: Login with valid credentials    # src/test/java/features/Login.feature:5
  Given I enter username "Admin"          # stepdefs.LoginSteps.i_enter_username(java.lang.String)
  And I enter password "admin123"         # stepdefs.LoginSteps.i_enter_password(java.lang.String)
  When I click the login button           # stepdefs.LoginSteps.i_click_login_button()
  Then I should be logged in successfully # stepdefs.LoginSteps.i_should_be_logged_in_successfully()
]]></system-out>
  </testcase>
  <testcase name="testApp on testApp(com.orangehrm.AppTest)" classname="com.orangehrm.AppTest" time="0.0">
    <system-err><![CDATA[[main] WARN org.testng.TestRunner - Support to run JUnit tests using TestNG stands deprecated and will be removed in future versions. You can now use the JUnit5 TestNG engine to run both JUnit and TestNG tests. For more information refer to https://github.com/junit-team/testng-engine .
]]></system-err>
  </testcase>
</testsuite>